# JRE version: Java(TM) SE Runtime Environment (8.0_144-b01) (build 1.8.0_144-b01)
# Java VM: Java HotSpot(TM) 64-Bit Server VM (25.144-b01 mixed mode linux-amd64 compressed oops)
Heap:
 PSYoungGen      total 285184K, used 53496K [0x00000000d6a00000, 0x00000000e9700000, 0x0000000100000000)
  eden space 262144K, 20% used [0x00000000d6a00000,0x00000000d9e3e298,0x00000000e6a00000)
  from space 23040K, 0% used [0x00000000e6a00000,0x00000000e6a00000,0x00000000e8080000)
  to   space 23040K, 99% used [0x00000000e8080000,0x00000000e96f8010,0x00000000e9700000)
 ParOldGen       total 86016K, used 80429K [0x0000000083e00000, 0x0000000089200000, 0x00000000d6a00000)
  object space 86016K, 93% used [0x0000000083e00000,0x0000000088c8b7d0,0x0000000089200000)
 Metaspace       used 17644K, capacity 17932K, committed 18304K, reserved 1064960K
  class space    used 1996K, capacity 2074K, committed 2176K, reserved 1048576K
GC Heap History (10 events):
Event: 8.193 GC heap after
Heap after GC invocations=6 (full 0):
 PSYoungGen      total 154112K, used 5360K [0x00000000d6a00000, 0x00000000e1700000, 0x0000000100000000)
  eden space 131072K, 0% used [0x00000000d6a00000,0x00000000d6a00000,0x00000000dea00000)
  from space 23040K, 23% used [0x00000000e0080000,0x00000000e05bc170,0x00000000e1700000)
  to   space 23040K, 0% used [0x00000000dea00000,0x00000000dea00000,0x00000000e0080000)
 ParOldGen       total 86016K, used 35948K [0x0000000083e00000, 0x0000000089200000, 0x00000000d6a00000)
  object space 86016K, 41% used [0x0000000083e00000,0x000000008611b068,0x0000000089200000)
 Metaspace       used 17547K, capacity 17804K, committed 18048K, reserved 1064960K
  class space    used 1988K, capacity 2074K, committed 2176K, reserved 1048576K
}
Event: 8.416 GC heap before
{Heap before GC invocations=7 (full 0):
 PSYoungGen      total 154112K, used 136432K [0x00000000d6a00000, 0x00000000e1700000, 0x0000000100000000)
  eden space 131072K, 100% used [0x00000000d6a00000,0x00000000dea00000,0x00000000dea00000)
  from space 23040K, 23% used [0x00000000e0080000,0x00000000e05bc170,0x00000000e1700000)
  to   space 23040K, 0% used [0x00000000dea00000,0x00000000dea00000,0x00000000e0080000)
 ParOldGen       total 86016K, used 35948K [0x0000000083e00000, 0x0000000089200000, 0x00000000d6a00000)
  object space 86016K, 41% used [0x0000000083e00000,0x000000008611b068,0x0000000089200000)
 Metaspace       used 17580K, capacity 17932K, committed 18304K, reserved 1064960K
  class space    used 1988K, capacity 2074K, committed 2176K, reserved 1048576K
Event: 8.429 GC heap after
Heap after GC invocations=7 (full 0):
 PSYoungGen      total 154112K, used 3488K [0x00000000d6a00000, 0x00000000e9700000, 0x0000000100000000)
  eden space 131072K, 0% used [0x00000000d6a00000,0x00000000d6a00000,0x00000000dea00000)
  from space 23040K, 15% used [0x00000000dea00000,0x00000000ded68190,0x00000000e0080000)
  to   space 23040K, 0% used [0x00000000e8080000,0x00000000e8080000,0x00000000e9700000)
 ParOldGen       total 86016K, used 38869K [0x0000000083e00000, 0x0000000089200000, 0x00000000d6a00000)
  object space 86016K, 45% used [0x0000000083e00000,0x00000000863f54b8,0x0000000089200000)
 Metaspace       used 17580K, capacity 17932K, committed 18304K, reserved 1064960K
  class space    used 1988K, capacity 2074K, committed 2176K, reserved 1048576K
}
Event: 8.570 GC heap before
{Heap before GC invocations=8 (full 0):
 PSYoungGen      total 154112K, used 134560K [0x00000000d6a00000, 0x00000000e9700000, 0x0000000100000000)
  eden space 131072K, 100% used [0x00000000d6a00000,0x00000000dea00000,0x00000000dea00000)
  from space 23040K, 15% used [0x00000000dea00000,0x00000000ded68190,0x00000000e0080000)
  to   space 23040K, 0% used [0x00000000e8080000,0x00000000e8080000,0x00000000e9700000)
 ParOldGen       total 86016K, used 38869K [0x0000000083e00000, 0x0000000089200000, 0x00000000d6a00000)
  object space 86016K, 45% used [0x0000000083e00000,0x00000000863f54b8,0x0000000089200000)
 Metaspace       used 17590K, capacity 17932K, committed 18304K, reserved 1064960K
  class space    used 1989K, capacity 2074K, committed 2176K, reserved 1048576K
Event: 8.575 GC heap after
Heap after GC invocations=8 (full 0):
 PSYoungGen      total 285184K, used 1760K [0x00000000d6a00000, 0x00000000e9700000, 0x0000000100000000)
  eden space 262144K, 0% used [0x00000000d6a00000,0x00000000d6a00000,0x00000000e6a00000)
  from space 23040K, 7% used [0x00000000e8080000,0x00000000e8238010,0x00000000e9700000)
  to   space 23040K, 0% used [0x00000000e6a00000,0x00000000e6a00000,0x00000000e8080000)
 ParOldGen       total 86016K, used 40431K [0x0000000083e00000, 0x0000000089200000, 0x00000000d6a00000)
  object space 86016K, 47% used [0x0000000083e00000,0x000000008657bc00,0x0000000089200000)
 Metaspace       used 17590K, capacity 17932K, committed 18304K, reserved 1064960K
  class space    used 1989K, capacity 2074K, committed 2176K, reserved 1048576K
}
Event: 8.786 GC heap before
{Heap before GC invocations=9 (full 0):
 PSYoungGen      total 285184K, used 194862K [0x00000000d6a00000, 0x00000000e9700000, 0x0000000100000000)
  eden space 262144K, 73% used [0x00000000d6a00000,0x00000000e2693b50,0x00000000e6a00000)
  from space 23040K, 7% used [0x00000000e8080000,0x00000000e8238010,0x00000000e9700000)
  to   space 23040K, 0% used [0x00000000e6a00000,0x00000000e6a00000,0x00000000e8080000)
 ParOldGen       total 86016K, used 40431K [0x0000000083e00000, 0x0000000089200000, 0x00000000d6a00000)
  object space 86016K, 47% used [0x0000000083e00000,0x000000008657bc00,0x0000000089200000)
 Metaspace       used 17591K, capacity 17932K, committed 18304K, reserved 1064960K
  class space    used 1989K, capacity 2074K, committed 2176K, reserved 1048576K
Event: 8.788 GC heap after
Heap after GC invocations=9 (full 0):
 PSYoungGen      total 285184K, used 1248K [0x00000000d6a00000, 0x00000000e9700000, 0x0000000100000000)
  eden space 262144K, 0% used [0x00000000d6a00000,0x00000000d6a00000,0x00000000e6a00000)
  from space 23040K, 5% used [0x00000000e6a00000,0x00000000e6b38010,0x00000000e8080000)
  to   space 23040K, 0% used [0x00000000e8080000,0x00000000e8080000,0x00000000e9700000)
 ParOldGen       total 86016K, used 40943K [0x0000000083e00000, 0x0000000089200000, 0x00000000d6a00000)
  object space 86016K, 47% used [0x0000000083e00000,0x00000000865fbc50,0x0000000089200000)
 Metaspace       used 17591K, capacity 17932K, committed 18304K, reserved 1064960K
  class space    used 1989K, capacity 2074K, committed 2176K, reserved 1048576K
}
Event: 8.788 GC heap before
{Heap before GC invocations=10 (full 1):
 PSYoungGen      total 285184K, used 1248K [0x00000000d6a00000, 0x00000000e9700000, 0x0000000100000000)
  eden space 262144K, 0% used [0x00000000d6a00000,0x00000000d6a00000,0x00000000e6a00000)
  from space 23040K, 5% used [0x00000000e6a00000,0x00000000e6b38010,0x00000000e8080000)
  to   space 23040K, 0% used [0x00000000e8080000,0x00000000e8080000,0x00000000e9700000)
 ParOldGen       total 86016K, used 40943K [0x0000000083e00000, 0x0000000089200000, 0x00000000d6a00000)
  object space 86016K, 47% used [0x0000000083e00000,0x00000000865fbc50,0x0000000089200000)
 Metaspace       used 17591K, capacity 17932K, committed 18304K, reserved 1064960K
  class space    used 1989K, capacity 2074K, committed 2176K, reserved 1048576K
Event: 8.939 GC heap after
Heap after GC invocations=10 (full 1):
 PSYoungGen      total 285184K, used 0K [0x00000000d6a00000, 0x00000000e9700000, 0x0000000100000000)
  eden space 262144K, 0% used [0x00000000d6a00000,0x00000000d6a00000,0x00000000e6a00000)
  from space 23040K, 0% used [0x00000000e6a00000,0x00000000e6a00000,0x00000000e8080000)
  to   space 23040K, 0% used [0x00000000e8080000,0x00000000e8080000,0x00000000e9700000)
 ParOldGen       total 86016K, used 27765K [0x0000000083e00000, 0x0000000089200000, 0x00000000d6a00000)
  object space 86016K, 32% used [0x0000000083e00000,0x000000008591d7a0,0x0000000089200000)
 Metaspace       used 17591K, capacity 17932K, committed 18304K, reserved 1064960K
  class space    used 1989K, capacity 2074K, committed 2176K, reserved 1048576K
}
Event: 10.563 GC heap before
{Heap before GC invocations=11 (full 1):
 PSYoungGen      total 285184K, used 53496K [0x00000000d6a00000, 0x00000000e9700000, 0x0000000100000000)
  eden space 262144K, 20% used [0x00000000d6a00000,0x00000000d9e3e298,0x00000000e6a00000)
  from space 23040K, 0% used [0x00000000e6a00000,0x00000000e6a00000,0x00000000e8080000)
  to   space 23040K, 0% used [0x00000000e8080000,0x00000000e8080000,0x00000000e9700000)
 ParOldGen       total 86016K, used 27765K [0x0000000083e00000, 0x0000000089200000, 0x00000000d6a00000)
  object space 86016K, 32% used [0x0000000083e00000,0x000000008591d7a0,0x0000000089200000)
 Metaspace       used 17644K, capacity 17932K, committed 18304K, reserved 1064960K
  class space    used 1996K, capacity 2074K, committed 2176K, reserved 1048576K

