# JRE version: Java(TM) SE Runtime Environment (8.0_151-b12) (build 1.8.0_151-b12)
# Java VM: Java HotSpot(TM) 64-Bit Server VM (25.151-b12 mixed mode linux-amd64 compressed oops)
Heap:
 PSYoungGen      total 68608K, used 11629K [0x00000000d6d00000, 0x00000000db500000, 0x0000000100000000)
  eden space 63488K, 18% used [0x00000000d6d00000,0x00000000d785b730,0x00000000dab00000)
  from space 5120K, 0% used [0x00000000db000000,0x00000000db000000,0x00000000db500000)
  to   space 5120K, 0% used [0x00000000dab00000,0x00000000dab00000,0x00000000db000000)
 ParOldGen       total 137216K, used 52227K [0x0000000084600000, 0x000000008cc00000, 0x00000000d6d00000)
  object space 137216K, 38% used [0x0000000084600000,0x0000000087900fa0,0x000000008cc00000)
 Metaspace       used 16915K, capacity 17192K, committed 17536K, reserved 1064960K
  class space    used 2030K, capacity 2104K, committed 2176K, reserved 1048576K
GC Heap History (10 events):
Event: 1.334 GC heap before
{Heap before GC invocations=1 (full 0):
 PSYoungGen      total 36864K, used 31744K [0x00000000d6d00000, 0x00000000d9600000, 0x0000000100000000)
  eden space 31744K, 100% used [0x00000000d6d00000,0x00000000d8c00000,0x00000000d8c00000)
  from space 5120K, 0% used [0x00000000d9100000,0x00000000d9100000,0x00000000d9600000)
  to   space 5120K, 0% used [0x00000000d8c00000,0x00000000d8c00000,0x00000000d9100000)
 ParOldGen       total 84992K, used 0K [0x0000000084600000, 0x0000000089900000, 0x00000000d6d00000)
  object space 84992K, 0% used [0x0000000084600000,0x0000000084600000,0x0000000089900000)
 Metaspace       used 8080K, capacity 8338K, committed 8448K, reserved 1056768K
  class space    used 928K, capacity 1002K, committed 1024K, reserved 1048576K
Event: 1.346 GC heap after
Heap after GC invocations=1 (full 0):
 PSYoungGen      total 36864K, used 3277K [0x00000000d6d00000, 0x00000000d9600000, 0x0000000100000000)
  eden space 31744K, 0% used [0x00000000d6d00000,0x00000000d6d00000,0x00000000d8c00000)
  from space 5120K, 64% used [0x00000000d8c00000,0x00000000d8f33650,0x00000000d9100000)
  to   space 5120K, 0% used [0x00000000d9100000,0x00000000d9100000,0x00000000d9600000)
 ParOldGen       total 84992K, used 8K [0x0000000084600000, 0x0000000089900000, 0x00000000d6d00000)
  object space 84992K, 0% used [0x0000000084600000,0x0000000084602000,0x0000000089900000)
 Metaspace       used 8080K, capacity 8338K, committed 8448K, reserved 1056768K
  class space    used 928K, capacity 1002K, committed 1024K, reserved 1048576K
}
Event: 2.029 GC heap before
{Heap before GC invocations=2 (full 0):
 PSYoungGen      total 36864K, used 35021K [0x00000000d6d00000, 0x00000000d9600000, 0x0000000100000000)
  eden space 31744K, 100% used [0x00000000d6d00000,0x00000000d8c00000,0x00000000d8c00000)
  from space 5120K, 64% used [0x00000000d8c00000,0x00000000d8f33650,0x00000000d9100000)
  to   space 5120K, 0% used [0x00000000d9100000,0x00000000d9100000,0x00000000d9600000)
 ParOldGen       total 84992K, used 8K [0x0000000084600000, 0x0000000089900000, 0x00000000d6d00000)
  object space 84992K, 0% used [0x0000000084600000,0x0000000084602000,0x0000000089900000)
 Metaspace       used 11571K, capacity 11758K, committed 11904K, reserved 1060864K
  class space    used 1338K, capacity 1401K, committed 1408K, reserved 1048576K
Event: 2.064 GC heap after
Heap after GC invocations=2 (full 0):
 PSYoungGen      total 36864K, used 5095K [0x00000000d6d00000, 0x00000000db500000, 0x0000000100000000)
  eden space 31744K, 0% used [0x00000000d6d00000,0x00000000d6d00000,0x00000000d8c00000)
  from space 5120K, 99% used [0x00000000d9100000,0x00000000d95f9da8,0x00000000d9600000)
  to   space 5120K, 0% used [0x00000000d8c00000,0x00000000d8c00000,0x00000000d9100000)
 ParOldGen       total 84992K, used 13068K [0x0000000084600000, 0x0000000089900000, 0x00000000d6d00000)
  object space 84992K, 15% used [0x0000000084600000,0x00000000852c3350,0x0000000089900000)
 Metaspace       used 11571K, capacity 11758K, committed 11904K, reserved 1060864K
  class space    used 1338K, capacity 1401K, committed 1408K, reserved 1048576K
}
Event: 2.962 GC heap before
{Heap before GC invocations=3 (full 0):
 PSYoungGen      total 36864K, used 36839K [0x00000000d6d00000, 0x00000000db500000, 0x0000000100000000)
  eden space 31744K, 100% used [0x00000000d6d00000,0x00000000d8c00000,0x00000000d8c00000)
  from space 5120K, 99% used [0x00000000d9100000,0x00000000d95f9da8,0x00000000d9600000)
  to   space 5120K, 0% used [0x00000000d8c00000,0x00000000d8c00000,0x00000000d9100000)
 ParOldGen       total 84992K, used 13068K [0x0000000084600000, 0x0000000089900000, 0x00000000d6d00000)
  object space 84992K, 15% used [0x0000000084600000,0x00000000852c3350,0x0000000089900000)
 Metaspace       used 13243K, capacity 13450K, committed 13696K, reserved 1060864K
  class space    used 1525K, capacity 1603K, committed 1664K, reserved 1048576K
Event: 3.032 GC heap after
Heap after GC invocations=3 (full 0):
 PSYoungGen      total 36864K, used 5120K [0x00000000d6d00000, 0x00000000db500000, 0x0000000100000000)
  eden space 31744K, 0% used [0x00000000d6d00000,0x00000000d6d00000,0x00000000d8c00000)
  from space 5120K, 100% used [0x00000000d8c00000,0x00000000d9100000,0x00000000d9100000)
  to   space 5120K, 0% used [0x00000000db000000,0x00000000db000000,0x00000000db500000)
 ParOldGen       total 84992K, used 29345K [0x0000000084600000, 0x0000000089900000, 0x00000000d6d00000)
  object space 84992K, 34% used [0x0000000084600000,0x00000000862a8588,0x0000000089900000)
 Metaspace       used 13243K, capacity 13450K, committed 13696K, reserved 1060864K
  class space    used 1525K, capacity 1603K, committed 1664K, reserved 1048576K
}
Event: 3.461 GC heap before
{Heap before GC invocations=4 (full 0):
 PSYoungGen      total 36864K, used 36864K [0x00000000d6d00000, 0x00000000db500000, 0x0000000100000000)
  eden space 31744K, 100% used [0x00000000d6d00000,0x00000000d8c00000,0x00000000d8c00000)
  from space 5120K, 100% used [0x00000000d8c00000,0x00000000d9100000,0x00000000d9100000)
  to   space 5120K, 0% used [0x00000000db000000,0x00000000db000000,0x00000000db500000)
 ParOldGen       total 84992K, used 29345K [0x0000000084600000, 0x0000000089900000, 0x00000000d6d00000)
  object space 84992K, 34% used [0x0000000084600000,0x00000000862a8588,0x0000000089900000)
 Metaspace       used 15269K, capacity 15520K, committed 15744K, reserved 1062912K
  class space    used 1824K, capacity 1910K, committed 1920K, reserved 1048576K
Event: 3.500 GC heap after
Heap after GC invocations=4 (full 0):
 PSYoungGen      total 68608K, used 5120K [0x00000000d6d00000, 0x00000000db500000, 0x0000000100000000)
  eden space 63488K, 0% used [0x00000000d6d00000,0x00000000d6d00000,0x00000000dab00000)
  from space 5120K, 100% used [0x00000000db000000,0x00000000db500000,0x00000000db500000)
  to   space 5120K, 0% used [0x00000000dab00000,0x00000000dab00000,0x00000000db000000)
 ParOldGen       total 84992K, used 63601K [0x0000000084600000, 0x0000000089900000, 0x00000000d6d00000)
  object space 84992K, 74% used [0x0000000084600000,0x000000008841c400,0x0000000089900000)
 Metaspace       used 15269K, capacity 15520K, committed 15744K, reserved 1062912K
  class space    used 1824K, capacity 1910K, committed 1920K, reserved 1048576K
}
Event: 3.500 GC heap before
{Heap before GC invocations=5 (full 1):
 PSYoungGen      total 68608K, used 5120K [0x00000000d6d00000, 0x00000000db500000, 0x0000000100000000)
  eden space 63488K, 0% used [0x00000000d6d00000,0x00000000d6d00000,0x00000000dab00000)
  from space 5120K, 100% used [0x00000000db000000,0x00000000db500000,0x00000000db500000)
  to   space 5120K, 0% used [0x00000000dab00000,0x00000000dab00000,0x00000000db000000)
 ParOldGen       total 84992K, used 63601K [0x0000000084600000, 0x0000000089900000, 0x00000000d6d00000)
  object space 84992K, 74% used [0x0000000084600000,0x000000008841c400,0x0000000089900000)
 Metaspace       used 15269K, capacity 15520K, committed 15744K, reserved 1062912K
  class space    used 1824K, capacity 1910K, committed 1920K, reserved 1048576K
Event: 3.635 GC heap after
Heap after GC invocations=5 (full 1):
 PSYoungGen      total 68608K, used 0K [0x00000000d6d00000, 0x00000000db500000, 0x0000000100000000)
  eden space 63488K, 0% used [0x00000000d6d00000,0x00000000d6d00000,0x00000000dab00000)
  from space 5120K, 0% used [0x00000000db000000,0x00000000db000000,0x00000000db500000)
  to   space 5120K, 0% used [0x00000000dab00000,0x00000000dab00000,0x00000000db000000)
 ParOldGen       total 137216K, used 52227K [0x0000000084600000, 0x000000008cc00000, 0x00000000d6d00000)
  object space 137216K, 38% used [0x0000000084600000,0x0000000087900fa0,0x000000008cc00000)
 Metaspace       used 15269K, capacity 15520K, committed 15744K, reserved 1062912K
  class space    used 1824K, capacity 1910K, committed 1920K, reserved 1048576K
}

